INFO: [HLS 200-0] Workspace Z:/Documents/workspace/zysh101/src/tcl/phasegen/zybe opened at Wed Nov 29 22:57:59 +0100 2017
Execute     config_clock -quiet -name default -period 4 -default=false 
INFO: [SYN 201-201] Setting up clock 'default' with a period of 4ns.
Command     config_clock returned 0; 0 sec.
Execute     open_platform DefaultPlatform 
Command     open_platform returned 0; 0 sec.
Execute     import_lib C:/Xilinx/Vivado/2017.3/common/technology/xilinx/zynq/zynq 
Execute       source C:/Xilinx/Vivado/2017.3/common/technology/xilinx/common/xilinx.lib 
Execute         source C:/Xilinx/Vivado/2017.3/common/technology/xilinx/interface/xilinx_interface.lib 
Execute           source C:/Xilinx/Vivado/2017.3/common/technology/xilinx/interface/plb46.lib 
Command           ap_source returned 0; 0 sec.
Execute           source C:/Xilinx/Vivado/2017.3/common/technology/xilinx/interface/fsl.lib 
Command           ap_source returned 0; 0.001 sec.
Execute           source C:/Xilinx/Vivado/2017.3/common/technology/xilinx/interface/axi4.lib 
Command           ap_source returned 0; 0 sec.
Execute           source C:/Xilinx/Vivado/2017.3/common/technology/xilinx/interface/maxi.lib 
Command           ap_source returned 0; 0 sec.
Execute           source C:/Xilinx/Vivado/2017.3/common/technology/xilinx/interface/saxilite.lib 
Command           ap_source returned 0; 0 sec.
Command         ap_source returned 0; 0.002 sec.
Execute         source C:/Xilinx/Vivado/2017.3/common/technology/xilinx/common/dsp48.lib 
Command         ap_source returned 0; 0.001 sec.
Execute         source C:/Xilinx/Vivado/2017.3/common/technology/xilinx/ip/dds_compiler.lib 
Command         ap_source returned 0; 0.001 sec.
Execute         source C:/Xilinx/Vivado/2017.3/common/technology/xilinx/ip/xfft.lib 
Command         ap_source returned 0; 0 sec.
Execute         source C:/Xilinx/Vivado/2017.3/common/technology/xilinx/ip/xfir.lib 
Command         ap_source returned 0; 0 sec.
Command       ap_source returned 0; 0.007 sec.
Execute       source C:/Xilinx/Vivado/2017.3/common/technology/xilinx/common/xilinx_old.lib 
Command       ap_source returned 0; 0.001 sec.
Execute       source C:/Xilinx/Vivado/2017.3/common/technology/xilinx/common/xilinx_vivado.lib 
Command       ap_source returned 0; 0.002 sec.
Execute       source C:/Xilinx/Vivado/2017.3/common/technology/xilinx/common/xilinx.hlp 
Execute         source C:/Xilinx/Vivado/2017.3/common/technology/xilinx/common/target_info.tcl 
Command         ap_source returned 0; 0 sec.
Execute         source C:/Xilinx/Vivado/2017.3/common/technology/xilinx/interface/xilinx_interface.hlp 
Execute           source C:/Xilinx/Vivado/2017.3/common/technology/xilinx/interface/maxi.hlp 
Command           ap_source returned 0; 0 sec.
Execute           source C:/Xilinx/Vivado/2017.3/common/technology/xilinx/interface/saxilite.hlp 
Command           ap_source returned 0; 0 sec.
Command         ap_source returned 0; 0.001 sec.
Execute         source C:/Xilinx/Vivado/2017.3/common/technology/xilinx/common/dsp48.hlp 
Command         ap_source returned 0; 0.001 sec.
Command       ap_source returned 0; 0.004 sec.
Execute       source C:/Xilinx/Vivado/2017.3/common/technology/xilinx/zynq/dsp48e1.hlp 
Command       ap_source returned 0; 0 sec.
Execute       get_default_platform 
Command       get_default_platform returned 0; 0 sec.
Execute       config_chip_info -quiet -resource  {SLICE 13300}  {LUT 53200}     {FF 106400} {DSP48E 220}   {BRAM 280}  
Command       config_chip_info returned 0; 0 sec.
Execute       config_chip_info -quiet -speed medium 
Command       config_chip_info returned 0; 0 sec.
Execute       source C:/Xilinx/Vivado/2017.3/common/technology/xilinx/common/xilinx.hlp 
Execute         source C:/Xilinx/Vivado/2017.3/common/technology/xilinx/common/target_info.tcl 
Command         ap_source returned 0; 0.001 sec.
Execute         source C:/Xilinx/Vivado/2017.3/common/technology/xilinx/interface/xilinx_interface.hlp 
Execute           source C:/Xilinx/Vivado/2017.3/common/technology/xilinx/interface/maxi.hlp 
Command           ap_source returned 0; 0 sec.
Execute           source C:/Xilinx/Vivado/2017.3/common/technology/xilinx/interface/saxilite.hlp 
Command           ap_source returned 0; 0.001 sec.
Command         ap_source returned 0; 0.001 sec.
Execute         source C:/Xilinx/Vivado/2017.3/common/technology/xilinx/common/dsp48.hlp 
Command         ap_source returned 0; 0.001 sec.
Command       ap_source returned 0; 0.005 sec.
Command     import_lib returned 0; 0.027 sec.
Execute     source C:/Xilinx/Vivado/2017.3/common/technology/xilinx/zynq/zynq.gen 
Execute       source C:/Xilinx/Vivado/2017.3/common/technology/xilinx/common/virtex.gen 
Execute         source C:/Xilinx/Vivado/2017.3/common/technology/xilinx/common/xilinx.gen 
Execute           source C:/Xilinx/Vivado/2017.3/common/technology/xilinx/interface/plb46.gen 
Command           ap_source returned 0; 0.002 sec.
Execute           source C:/Xilinx/Vivado/2017.3/common/technology/xilinx/interface/fsl.gen 
Command           ap_source returned 0; 0.001 sec.
Execute           source C:/Xilinx/Vivado/2017.3/common/technology/xilinx/interface/axi4.gen 
Command           ap_source returned 0; 0.002 sec.
Execute           source C:/Xilinx/Vivado/2017.3/common/technology/xilinx/interface/nativeAXI4.gen 
Execute             source C:/Xilinx/Vivado/2017.3/common/technology/xilinx/interface/saxilite.gen 
Command             ap_source returned 0; 0.005 sec.
Execute             source C:/Xilinx/Vivado/2017.3/common/technology/xilinx/interface/maxi.gen 
Command             ap_source returned 0; 0.007 sec.
Command           ap_source returned 0; 0.014 sec.
Execute           source C:/Xilinx/Vivado/2017.3/common/technology/xilinx/scripts/xilinxcoregen.gen 
Command           ap_source returned 0; 0.012 sec.
Execute           source C:/Xilinx/Vivado/2017.3/common/technology/xilinx/interface/XilEDKCoreGen.gen 
Command           ap_source returned 0; 0.008 sec.
Execute           source C:/Xilinx/Vivado/2017.3/common/technology/xilinx/ip/dds_compiler.gen 
Command           ap_source returned 0; 0.004 sec.
Execute           source C:/Xilinx/Vivado/2017.3/common/technology/xilinx/ip/util.gen 
Command           ap_source returned 0; 0 sec.
Execute           source C:/Xilinx/Vivado/2017.3/common/technology/xilinx/ip/xfft.gen 
Command           ap_source returned 0; 0.089 sec.
Execute           source C:/Xilinx/Vivado/2017.3/common/technology/xilinx/ip/xfir.gen 
Command           ap_source returned 0; 0.001 sec.
Command         ap_source returned 0; 0.135 sec.
Execute         source C:/Xilinx/Vivado/2017.3/common/technology/xilinx/common/dsp48.gen 
Command         ap_source returned 0; 0 sec.
Command       ap_source returned 0; 0.139 sec.
Command     ap_source returned 0; 0.139 sec.
Execute     open_platform DefaultPlatform 
Command     open_platform returned 0; 0 sec.
Execute     import_lib C:/Xilinx/Vivado/2017.3/common/technology/xilinx/zynq/zynq_fpv6 
Execute       source C:/Xilinx/Vivado/2017.3/common/technology/xilinx/common/xilinx_fpv7.lib 
Execute         source C:/Xilinx/Vivado/2017.3/common/technology/xilinx/common/xilinx_hp.lib 
Command         ap_source returned 0; 0.001 sec.
Command       ap_source returned 0; 0.003 sec.
Execute       source C:/Xilinx/Vivado/2017.3/common/technology/xilinx/common/xilinx_fpv.hlp 
Execute         source C:/Xilinx/Vivado/2017.3/common/technology/xilinx/common/xilinx.hlp 
Execute           source C:/Xilinx/Vivado/2017.3/common/technology/xilinx/common/target_info.tcl 
Command           ap_source returned 0; 0.007 sec.
Execute           source C:/Xilinx/Vivado/2017.3/common/technology/xilinx/interface/xilinx_interface.hlp 
Execute             source C:/Xilinx/Vivado/2017.3/common/technology/xilinx/interface/maxi.hlp 
Command             ap_source returned 0; 0 sec.
Execute             source C:/Xilinx/Vivado/2017.3/common/technology/xilinx/interface/saxilite.hlp 
Command             ap_source returned 0; 0 sec.
Command           ap_source returned 0; 0.001 sec.
Execute           source C:/Xilinx/Vivado/2017.3/common/technology/xilinx/common/dsp48.hlp 
Command           ap_source returned 0; 0.002 sec.
Command         ap_source returned 0; 0.011 sec.
Command       ap_source returned 0; 0.013 sec.
Execute       source C:/Xilinx/Vivado/2017.3/common/technology/xilinx/zynq/zynq_hp.hlp 
Command       ap_source returned 0; 0.002 sec.
Command     import_lib returned 0; 0.029 sec.
Execute     source C:/Xilinx/Vivado/2017.3/common/technology/xilinx/zynq/zynq_fpv6.gen 
Execute       source C:/Xilinx/Vivado/2017.3/common/technology/xilinx/common/xilinx_fpv6.gen 
Command       ap_source returned 0; 0.002 sec.
Command     ap_source returned 0; 0.002 sec.
Execute     set_part xc7z010clg225-1 
Execute       add_library xilinx/zynq/zynq:xc7z010:clg225:-1 
Execute         get_default_platform 
Command         get_default_platform returned 0; 0 sec.
Execute         license_isbetapart xc7z010 
Command         license_isbetapart returned 1; 0.028 sec.
Execute         open_platform DefaultPlatform 
Command         open_platform returned 0; 0 sec.
Execute         import_lib C:/Xilinx/Vivado/2017.3/common/technology/xilinx/zynq/zynq 
Execute           source C:/Xilinx/Vivado/2017.3/common/technology/xilinx/common/xilinx.lib 
Execute             source C:/Xilinx/Vivado/2017.3/common/technology/xilinx/interface/xilinx_interface.lib 
Execute               source C:/Xilinx/Vivado/2017.3/common/technology/xilinx/interface/plb46.lib 
Command               ap_source returned 0; 0 sec.
Execute               source C:/Xilinx/Vivado/2017.3/common/technology/xilinx/interface/fsl.lib 
Command               ap_source returned 0; 0 sec.
Execute               source C:/Xilinx/Vivado/2017.3/common/technology/xilinx/interface/axi4.lib 
Command               ap_source returned 0; 0 sec.
Execute               source C:/Xilinx/Vivado/2017.3/common/technology/xilinx/interface/maxi.lib 
Command               ap_source returned 0; 0 sec.
Execute               source C:/Xilinx/Vivado/2017.3/common/technology/xilinx/interface/saxilite.lib 
Command               ap_source returned 0; 0 sec.
Command             ap_source returned 0; 0.003 sec.
Execute             source C:/Xilinx/Vivado/2017.3/common/technology/xilinx/common/dsp48.lib 
Command             ap_source returned 0; 0 sec.
Execute             source C:/Xilinx/Vivado/2017.3/common/technology/xilinx/ip/dds_compiler.lib 
Command             ap_source returned 0; 0 sec.
Execute             source C:/Xilinx/Vivado/2017.3/common/technology/xilinx/ip/xfft.lib 
Command             ap_source returned 0; 0 sec.
Execute             source C:/Xilinx/Vivado/2017.3/common/technology/xilinx/ip/xfir.lib 
Command             ap_source returned 0; 0 sec.
Command           ap_source returned 0; 0.006 sec.
Execute           source C:/Xilinx/Vivado/2017.3/common/technology/xilinx/common/xilinx_old.lib 
Command           ap_source returned 0; 0.001 sec.
Execute           source C:/Xilinx/Vivado/2017.3/common/technology/xilinx/common/xilinx_vivado.lib 
Command           ap_source returned 0; 0.001 sec.
Execute           source C:/Xilinx/Vivado/2017.3/common/technology/xilinx/common/xilinx.hlp 
Execute             source C:/Xilinx/Vivado/2017.3/common/technology/xilinx/common/target_info.tcl 
Command             ap_source returned 0; 0.001 sec.
Execute             source C:/Xilinx/Vivado/2017.3/common/technology/xilinx/interface/xilinx_interface.hlp 
Execute               source C:/Xilinx/Vivado/2017.3/common/technology/xilinx/interface/maxi.hlp 
Command               ap_source returned 0; 0.001 sec.
Execute               source C:/Xilinx/Vivado/2017.3/common/technology/xilinx/interface/saxilite.hlp 
Command               ap_source returned 0; 0 sec.
Command             ap_source returned 0; 0.001 sec.
Execute             source C:/Xilinx/Vivado/2017.3/common/technology/xilinx/common/dsp48.hlp 
Command             ap_source returned 0; 0.001 sec.
Command           ap_source returned 0; 0.005 sec.
Execute           source C:/Xilinx/Vivado/2017.3/common/technology/xilinx/zynq/dsp48e1.hlp 
Command           ap_source returned 0; 0 sec.
Execute           get_default_platform 
Command           get_default_platform returned 0; 0 sec.
Execute           config_chip_info -quiet -resource  {SLICE 13300}  {LUT 53200}     {FF 106400} {DSP48E 220}   {BRAM 280}  
Command           config_chip_info returned 0; 0 sec.
Execute           config_chip_info -quiet -speed medium 
Command           config_chip_info returned 0; 0 sec.
Execute           source C:/Xilinx/Vivado/2017.3/common/technology/xilinx/common/xilinx.hlp 
Execute             source C:/Xilinx/Vivado/2017.3/common/technology/xilinx/common/target_info.tcl 
Command             ap_source returned 0; 0.003 sec.
Execute             source C:/Xilinx/Vivado/2017.3/common/technology/xilinx/interface/xilinx_interface.hlp 
Execute               source C:/Xilinx/Vivado/2017.3/common/technology/xilinx/interface/maxi.hlp 
Command               ap_source returned 0; 0 sec.
Execute               source C:/Xilinx/Vivado/2017.3/common/technology/xilinx/interface/saxilite.hlp 
Command               ap_source returned 0; 0.001 sec.
Command             ap_source returned 0; 0.001 sec.
Execute             source C:/Xilinx/Vivado/2017.3/common/technology/xilinx/common/dsp48.hlp 
Command             ap_source returned 0; 0.001 sec.
Command           ap_source returned 0; 0.007 sec.
Command         import_lib returned 0; 0.026 sec.
Execute         source C:/Xilinx/Vivado/2017.3/common/technology/xilinx/zynq/zynq.gen 
Execute           source C:/Xilinx/Vivado/2017.3/common/technology/xilinx/common/virtex.gen 
Execute             source C:/Xilinx/Vivado/2017.3/common/technology/xilinx/common/xilinx.gen 
Execute               source C:/Xilinx/Vivado/2017.3/common/technology/xilinx/interface/plb46.gen 
Command               ap_source returned 0; 0.002 sec.
Execute               source C:/Xilinx/Vivado/2017.3/common/technology/xilinx/interface/fsl.gen 
Command               ap_source returned 0; 0 sec.
Execute               source C:/Xilinx/Vivado/2017.3/common/technology/xilinx/interface/axi4.gen 
Command               ap_source returned 0; 0.002 sec.
Execute               source C:/Xilinx/Vivado/2017.3/common/technology/xilinx/interface/nativeAXI4.gen 
Execute                 source C:/Xilinx/Vivado/2017.3/common/technology/xilinx/interface/saxilite.gen 
Command                 ap_source returned 0; 0.004 sec.
Execute                 source C:/Xilinx/Vivado/2017.3/common/technology/xilinx/interface/maxi.gen 
Command                 ap_source returned 0; 0.007 sec.
Command               ap_source returned 0; 0.011 sec.
Execute               source C:/Xilinx/Vivado/2017.3/common/technology/xilinx/scripts/xilinxcoregen.gen 
Command               ap_source returned 0; 0.011 sec.
Execute               source C:/Xilinx/Vivado/2017.3/common/technology/xilinx/interface/XilEDKCoreGen.gen 
Command               ap_source returned 0; 0.008 sec.
Execute               source C:/Xilinx/Vivado/2017.3/common/technology/xilinx/ip/dds_compiler.gen 
Command               ap_source returned 0; 0.003 sec.
Execute               source C:/Xilinx/Vivado/2017.3/common/technology/xilinx/ip/util.gen 
Command               ap_source returned 0; 0 sec.
Execute               source C:/Xilinx/Vivado/2017.3/common/technology/xilinx/ip/xfft.gen 
Command               ap_source returned 0; 0.081 sec.
Execute               source C:/Xilinx/Vivado/2017.3/common/technology/xilinx/ip/xfir.gen 
Command               ap_source returned 0; 0 sec.
Command             ap_source returned 0; 0.121 sec.
Execute             source C:/Xilinx/Vivado/2017.3/common/technology/xilinx/common/dsp48.gen 
Command             ap_source returned 0; 0 sec.
Command           ap_source returned 0; 0.124 sec.
Command         ap_source returned 0; 0.124 sec.
Execute         get_default_platform 
Command         get_default_platform returned 0; 0 sec.
Execute         config_chip_info -quiet -resource  {SLICE 4400}   {LUT 17600}     {FF 35200}  {DSP48E 80}    {BRAM 120}  
Command         config_chip_info returned 0; 0 sec.
Execute         config_chip_info -quiet -speed slow 
Command         config_chip_info returned 0; 0 sec.
Command       add_library returned 0; 0.228 sec.
Execute       add_library xilinx/zynq/zynq_fpv6 
Execute         get_default_platform 
Command         get_default_platform returned 0; 0 sec.
Execute         open_platform DefaultPlatform 
Command         open_platform returned 0; 0 sec.
Execute         import_lib C:/Xilinx/Vivado/2017.3/common/technology/xilinx/zynq/zynq_fpv6 
Execute           source C:/Xilinx/Vivado/2017.3/common/technology/xilinx/common/xilinx_fpv7.lib 
Execute             source C:/Xilinx/Vivado/2017.3/common/technology/xilinx/common/xilinx_hp.lib 
Command             ap_source returned 0; 0.001 sec.
Command           ap_source returned 0; 0.003 sec.
Execute           source C:/Xilinx/Vivado/2017.3/common/technology/xilinx/common/xilinx_fpv.hlp 
Execute             source C:/Xilinx/Vivado/2017.3/common/technology/xilinx/common/xilinx.hlp 
Execute               source C:/Xilinx/Vivado/2017.3/common/technology/xilinx/common/target_info.tcl 
Command               ap_source returned 0; 0.001 sec.
Execute               source C:/Xilinx/Vivado/2017.3/common/technology/xilinx/interface/xilinx_interface.hlp 
Execute                 source C:/Xilinx/Vivado/2017.3/common/technology/xilinx/interface/maxi.hlp 
Command                 ap_source returned 0; 0 sec.
Execute                 source C:/Xilinx/Vivado/2017.3/common/technology/xilinx/interface/saxilite.hlp 
Command                 ap_source returned 0; 0 sec.
Command               ap_source returned 0; 0.001 sec.
Execute               source C:/Xilinx/Vivado/2017.3/common/technology/xilinx/common/dsp48.hlp 
Command               ap_source returned 0; 0.001 sec.
Command             ap_source returned 0; 0.005 sec.
Command           ap_source returned 0; 0.006 sec.
Execute           source C:/Xilinx/Vivado/2017.3/common/technology/xilinx/zynq/zynq_hp.hlp 
Command           ap_source returned 0; 0.002 sec.
Command         import_lib returned 0; 0.022 sec.
Execute         source C:/Xilinx/Vivado/2017.3/common/technology/xilinx/zynq/zynq_fpv6.gen 
Execute           source C:/Xilinx/Vivado/2017.3/common/technology/xilinx/common/xilinx_fpv6.gen 
Command           ap_source returned 0; 0.002 sec.
Command         ap_source returned 0; 0.003 sec.
Command       add_library returned 0; 0.035 sec.
INFO: [HLS 200-10] Setting target device to 'xc7z010clg225-1'
Execute       get_default_platform 
Command       get_default_platform returned 0; 0 sec.
Command     set_part returned 0; 0.298 sec.
Execute     get_default_platform 
Command     get_default_platform returned 0; 0 sec.
Execute     config_chip_info -quiet -resource  {SLICE 4400}   {LUT 17600}     {FF 35200}  {DSP48E 80}    {BRAM 120}  
Command     config_chip_info returned 0; 0 sec.
Execute     config_chip_info -quiet -speed slow 
Command     config_chip_info returned 0; 0 sec.
Command   open_solution returned 0; 0.552 sec.
Execute   set_part xc7z010clg225-1 
Execute     add_library xilinx/zynq/zynq:xc7z010:clg225:-1 
Execute       get_default_platform 
Command       get_default_platform returned 0; 0.001 sec.
Execute       license_isbetapart xc7z010 
Command       license_isbetapart returned 1; 0 sec.
Execute       open_platform DefaultPlatform 
Command       open_platform returned 0; 0 sec.
Execute       import_lib C:/Xilinx/Vivado/2017.3/common/technology/xilinx/zynq/zynq 
Execute         source C:/Xilinx/Vivado/2017.3/common/technology/xilinx/common/xilinx.lib 
Execute           source C:/Xilinx/Vivado/2017.3/common/technology/xilinx/interface/xilinx_interface.lib 
Execute             source C:/Xilinx/Vivado/2017.3/common/technology/xilinx/interface/plb46.lib 
Command             ap_source returned 0; 0 sec.
Execute             source C:/Xilinx/Vivado/2017.3/common/technology/xilinx/interface/fsl.lib 
Command             ap_source returned 0; 0.001 sec.
Execute             source C:/Xilinx/Vivado/2017.3/common/technology/xilinx/interface/axi4.lib 
Command             ap_source returned 0; 0 sec.
Execute             source C:/Xilinx/Vivado/2017.3/common/technology/xilinx/interface/maxi.lib 
Command             ap_source returned 0; 0.001 sec.
Execute             source C:/Xilinx/Vivado/2017.3/common/technology/xilinx/interface/saxilite.lib 
Command             ap_source returned 0; 0 sec.
Command           ap_source returned 0; 0.002 sec.
Execute           source C:/Xilinx/Vivado/2017.3/common/technology/xilinx/common/dsp48.lib 
Command           ap_source returned 0; 0.001 sec.
Execute           source C:/Xilinx/Vivado/2017.3/common/technology/xilinx/ip/dds_compiler.lib 
Command           ap_source returned 0; 0 sec.
Execute           source C:/Xilinx/Vivado/2017.3/common/technology/xilinx/ip/xfft.lib 
Command           ap_source returned 0; 0 sec.
Execute           source C:/Xilinx/Vivado/2017.3/common/technology/xilinx/ip/xfir.lib 
Command           ap_source returned 0; 0 sec.
Command         ap_source returned 0; 0.006 sec.
Execute         source C:/Xilinx/Vivado/2017.3/common/technology/xilinx/common/xilinx_old.lib 
Command         ap_source returned 0; 0.001 sec.
Execute         source C:/Xilinx/Vivado/2017.3/common/technology/xilinx/common/xilinx_vivado.lib 
Command         ap_source returned 0; 0.002 sec.
Execute         source C:/Xilinx/Vivado/2017.3/common/technology/xilinx/common/xilinx.hlp 
Execute           source C:/Xilinx/Vivado/2017.3/common/technology/xilinx/common/target_info.tcl 
Command           ap_source returned 0; 0.002 sec.
Execute           source C:/Xilinx/Vivado/2017.3/common/technology/xilinx/interface/xilinx_interface.hlp 
Execute             source C:/Xilinx/Vivado/2017.3/common/technology/xilinx/interface/maxi.hlp 
Command             ap_source returned 0; 0 sec.
Execute             source C:/Xilinx/Vivado/2017.3/common/technology/xilinx/interface/saxilite.hlp 
Command             ap_source returned 0; 0 sec.
Command           ap_source returned 0; 0.001 sec.
Execute           source C:/Xilinx/Vivado/2017.3/common/technology/xilinx/common/dsp48.hlp 
Command           ap_source returned 0; 0.002 sec.
Command         ap_source returned 0; 0.006 sec.
Execute         source C:/Xilinx/Vivado/2017.3/common/technology/xilinx/zynq/dsp48e1.hlp 
Command         ap_source returned 0; 0.001 sec.
Execute         get_default_platform 
Command         get_default_platform returned 0; 0 sec.
Execute         config_chip_info -quiet -resource  {SLICE 13300}  {LUT 53200}     {FF 106400} {DSP48E 220}   {BRAM 280}  
Command         config_chip_info returned 0; 0 sec.
Execute         config_chip_info -quiet -speed medium 
Command         config_chip_info returned 0; 0 sec.
Execute         source C:/Xilinx/Vivado/2017.3/common/technology/xilinx/common/xilinx.hlp 
Execute           source C:/Xilinx/Vivado/2017.3/common/technology/xilinx/common/target_info.tcl 
Command           ap_source returned 0; 0.001 sec.
Execute           source C:/Xilinx/Vivado/2017.3/common/technology/xilinx/interface/xilinx_interface.hlp 
Execute             source C:/Xilinx/Vivado/2017.3/common/technology/xilinx/interface/maxi.hlp 
Command             ap_source returned 0; 0 sec.
Execute             source C:/Xilinx/Vivado/2017.3/common/technology/xilinx/interface/saxilite.hlp 
Command             ap_source returned 0; 0 sec.
Command           ap_source returned 0; 0 sec.
Execute           source C:/Xilinx/Vivado/2017.3/common/technology/xilinx/common/dsp48.hlp 
Command           ap_source returned 0; 0.001 sec.
Command         ap_source returned 0; 0.004 sec.
Command       import_lib returned 0; 0.024 sec.
Execute       source C:/Xilinx/Vivado/2017.3/common/technology/xilinx/zynq/zynq.gen 
Execute         source C:/Xilinx/Vivado/2017.3/common/technology/xilinx/common/virtex.gen 
Execute           source C:/Xilinx/Vivado/2017.3/common/technology/xilinx/common/xilinx.gen 
Execute             source C:/Xilinx/Vivado/2017.3/common/technology/xilinx/interface/plb46.gen 
Command             ap_source returned 0; 0.001 sec.
Execute             source C:/Xilinx/Vivado/2017.3/common/technology/xilinx/interface/fsl.gen 
Command             ap_source returned 0; 0 sec.
Execute             source C:/Xilinx/Vivado/2017.3/common/technology/xilinx/interface/axi4.gen 
Command             ap_source returned 0; 0.002 sec.
Execute             source C:/Xilinx/Vivado/2017.3/common/technology/xilinx/interface/nativeAXI4.gen 
Execute               source C:/Xilinx/Vivado/2017.3/common/technology/xilinx/interface/saxilite.gen 
Command               ap_source returned 0; 0.003 sec.
Execute               source C:/Xilinx/Vivado/2017.3/common/technology/xilinx/interface/maxi.gen 
Command               ap_source returned 0; 0.007 sec.
Command             ap_source returned 0; 0.013 sec.
Execute             source C:/Xilinx/Vivado/2017.3/common/technology/xilinx/scripts/xilinxcoregen.gen 
Command             ap_source returned 0; 0.011 sec.
Execute             source C:/Xilinx/Vivado/2017.3/common/technology/xilinx/interface/XilEDKCoreGen.gen 
Command             ap_source returned 0; 0.008 sec.
Execute             source C:/Xilinx/Vivado/2017.3/common/technology/xilinx/ip/dds_compiler.gen 
Command             ap_source returned 0; 0.003 sec.
Execute             source C:/Xilinx/Vivado/2017.3/common/technology/xilinx/ip/util.gen 
Command             ap_source returned 0; 0 sec.
Execute             source C:/Xilinx/Vivado/2017.3/common/technology/xilinx/ip/xfft.gen 
Command             ap_source returned 0; 0.087 sec.
Execute             source C:/Xilinx/Vivado/2017.3/common/technology/xilinx/ip/xfir.gen 
Command             ap_source returned 0; 0.001 sec.
Command           ap_source returned 0; 0.132 sec.
Execute           source C:/Xilinx/Vivado/2017.3/common/technology/xilinx/common/dsp48.gen 
Command           ap_source returned 0; 0 sec.
Command         ap_source returned 0; 0.135 sec.
Command       ap_source returned 0; 0.136 sec.
Execute       get_default_platform 
Command       get_default_platform returned 0; 0 sec.
Execute       config_chip_info -quiet -resource  {SLICE 4400}   {LUT 17600}     {FF 35200}  {DSP48E 80}    {BRAM 120}  
Command       config_chip_info returned 0; 0 sec.
Execute       config_chip_info -quiet -speed slow 
Command       config_chip_info returned 0; 0 sec.
Command     add_library returned 0; 0.179 sec.
Execute     add_library xilinx/zynq/zynq_fpv6 
Execute       get_default_platform 
Command       get_default_platform returned 0; 0 sec.
Execute       open_platform DefaultPlatform 
Command       open_platform returned 0; 0 sec.
Execute       import_lib C:/Xilinx/Vivado/2017.3/common/technology/xilinx/zynq/zynq_fpv6 
Execute         source C:/Xilinx/Vivado/2017.3/common/technology/xilinx/common/xilinx_fpv7.lib 
Execute           source C:/Xilinx/Vivado/2017.3/common/technology/xilinx/common/xilinx_hp.lib 
Command           ap_source returned 0; 0.001 sec.
Command         ap_source returned 0; 0.003 sec.
Execute         source C:/Xilinx/Vivado/2017.3/common/technology/xilinx/common/xilinx_fpv.hlp 
Execute           source C:/Xilinx/Vivado/2017.3/common/technology/xilinx/common/xilinx.hlp 
Execute             source C:/Xilinx/Vivado/2017.3/common/technology/xilinx/common/target_info.tcl 
Command             ap_source returned 0; 0.001 sec.
Execute             source C:/Xilinx/Vivado/2017.3/common/technology/xilinx/interface/xilinx_interface.hlp 
Execute               source C:/Xilinx/Vivado/2017.3/common/technology/xilinx/interface/maxi.hlp 
Command               ap_source returned 0; 0 sec.
Execute               source C:/Xilinx/Vivado/2017.3/common/technology/xilinx/interface/saxilite.hlp 
Command               ap_source returned 0; 0.001 sec.
Command             ap_source returned 0; 0.001 sec.
Execute             source C:/Xilinx/Vivado/2017.3/common/technology/xilinx/common/dsp48.hlp 
Command             ap_source returned 0; 0.001 sec.
Command           ap_source returned 0; 0.005 sec.
Command         ap_source returned 0; 0.005 sec.
Execute         source C:/Xilinx/Vivado/2017.3/common/technology/xilinx/zynq/zynq_hp.hlp 
Command         ap_source returned 0; 0.002 sec.
Command       import_lib returned 0; 0.022 sec.
Execute       source C:/Xilinx/Vivado/2017.3/common/technology/xilinx/zynq/zynq_fpv6.gen 
Execute         source C:/Xilinx/Vivado/2017.3/common/technology/xilinx/common/xilinx_fpv6.gen 
Command         ap_source returned 0; 0.002 sec.
Command       ap_source returned 0; 0.002 sec.
Command     add_library returned 0; 0.032 sec.
Execute     get_default_platform 
Command     get_default_platform returned 0; 0 sec.
Command   set_part returned 0; 0.243 sec.
Execute   create_clock -period 4 -name default 
Command   create_clock returned 0; 0.006 sec.
Execute   csynth_design 
Execute     elaborate -effort=medium -skip_syncheck=0 -keep_printf=0 -lm=0 -skip_cdt=0 -skip_transform=0 -ng=0 -g=0 -opt_fp=0 -enable_clang39=0 
WARNING: [HLS 200-40] Cannot find source file Z:/Documents/workspace/zysh101/src/tcl/../../hls/phasegen.cpp; skipping it.
WARNING: [HLS 200-40] Cannot find source file Z:/Documents/workspace/zysh101/src/tcl/../../hls/define.h; skipping it.
WARNING: [HLS 200-40] Cannot find source file Z:/Documents/workspace/zysh101/src/tcl/../../hls/typedef.h; skipping it.
INFO: [HLS 200-111] Finished Checking Pragmas Time (s): cpu = 00:00:01 ; elapsed = 00:00:01 . Memory (MB): peak = 105.598 ; gain = 49.973
INFO: [HLS 200-0] Linking Release ...
ERROR: [HLS 200-70] Cannot find any design unit to elaborate.
Command     elaborate returned 2; 0.027 sec.
Command   csynth_design returned 2; 0.033 sec.
Command ap_source returned 1; 0.978 sec.
Error in linking the design.
    while executing
"source ./hls.build.zybe.tcl"
    invoked from within
"hls::main ./hls.build.zybe.tcl"
    ("uplevel" body line 1)
    invoked from within
"uplevel 1 hls::main {*}$args"
    (procedure "hls_proc" line 5)
    invoked from within
"hls_proc $argv"
Execute cleanup_all 
Command cleanup_all returned 0; 0 sec.
